<?xml version="1.0" encoding="UTF-8" ?>
<testsuite tests="3" failures="1" name="example.NewTest" time="5.077" errors="0" skipped="2">
  <properties>
[...]
</properties>
  <testcase classname="example.NewTest" name="beforeTest" time="5.076">
    <failure message="Unexpected error launching Internet Explorer. Browser zoom level was set to 125%. It should be set to 100% (WARNING: The server did not provide any stacktrace information)
Command duration or timeout: 2.21 seconds
Build info: version: &apos;3.4.0&apos;, revision: &apos;unknown&apos;, time: &apos;unknown&apos;
System info: host: &apos;GARIMA7LT&apos;, ip: &apos;192.168.1.73&apos;, os.name: &apos;Windows 10&apos;, os.arch: &apos;amd64&apos;, os.version: &apos;10.0&apos;, java.version: &apos;1.8.0_121&apos;
Driver info: driver.version: InternetExplorerDriver" type="org.openqa.selenium.NoSuchSessionException">org.openqa.selenium.NoSuchSessionException: Unexpected error launching Internet Explorer. Browser zoom level was set to 125%. It should be set to 100% (WARNING: The server did not provide any stacktrace information)
Command duration or timeout: 2.21 seconds
Build info: version: &apos;3.4.0&apos;, revision: &apos;unknown&apos;, time: &apos;unknown&apos;
System info: host: &apos;GARIMA7LT&apos;, ip: &apos;192.168.1.73&apos;, os.name: &apos;Windows 10&apos;, os.arch: &apos;amd64&apos;, os.version: &apos;10.0&apos;, java.version: &apos;1.8.0_121&apos;
Driver info: driver.version: InternetExplorerDriver
	at sun.reflect.NativeConstructorAccessorImpl.newInstance0(Native Method)
	at sun.reflect.NativeConstructorAccessorImpl.newInstance(NativeConstructorAccessorImpl.java:62)
	at sun.reflect.DelegatingConstructorAccessorImpl.newInstance(DelegatingConstructorAccessorImpl.java:45)
	at java.lang.reflect.Constructor.newInstance(Constructor.java:423)
	at org.openqa.selenium.remote.ErrorHandler.createThrowable(ErrorHandler.java:215)
	at org.openqa.selenium.remote.ErrorHandler.throwIfResponseFailed(ErrorHandler.java:167)
	at org.openqa.selenium.remote.JsonWireProtocolResponse.lambda$new$0(JsonWireProtocolResponse.java:53)
	at org.openqa.selenium.remote.JsonWireProtocolResponse.lambda$getResponseFunction$2(JsonWireProtocolResponse.java:91)
	at org.openqa.selenium.remote.ProtocolHandshake.lambda$createSession$22(ProtocolHandshake.java:365)
	at java.util.stream.ReferencePipeline$3$1.accept(ReferencePipeline.java:193)
	at java.util.Spliterators$ArraySpliterator.tryAdvance(Spliterators.java:958)
	at java.util.stream.ReferencePipeline.forEachWithCancel(ReferencePipeline.java:126)
	at java.util.stream.AbstractPipeline.copyIntoWithCancel(AbstractPipeline.java:498)
	at java.util.stream.AbstractPipeline.copyInto(AbstractPipeline.java:485)
	at java.util.stream.AbstractPipeline.wrapAndCopyInto(AbstractPipeline.java:471)
	at java.util.stream.FindOps$FindOp.evaluateSequential(FindOps.java:152)
	at java.util.stream.AbstractPipeline.evaluate(AbstractPipeline.java:234)
	at java.util.stream.ReferencePipeline.findFirst(ReferencePipeline.java:464)
	at org.openqa.selenium.remote.ProtocolHandshake.createSession(ProtocolHandshake.java:368)
	at org.openqa.selenium.remote.ProtocolHandshake.createSession(ProtocolHandshake.java:159)
	at org.openqa.selenium.remote.HttpCommandExecutor.execute(HttpCommandExecutor.java:142)
	at org.openqa.selenium.remote.service.DriverCommandExecutor.execute(DriverCommandExecutor.java:82)
	at org.openqa.selenium.remote.RemoteWebDriver.execute(RemoteWebDriver.java:637)
	at org.openqa.selenium.remote.RemoteWebDriver.startSession(RemoteWebDriver.java:250)
	at org.openqa.selenium.remote.RemoteWebDriver.startSession(RemoteWebDriver.java:236)
	at org.openqa.selenium.ie.InternetExplorerDriver.run(InternetExplorerDriver.java:220)
	at org.openqa.selenium.ie.InternetExplorerDriver.&lt;init&gt;(InternetExplorerDriver.java:212)
	at org.openqa.selenium.ie.InternetExplorerDriver.&lt;init&gt;(InternetExplorerDriver.java:154)
	at example.NewTest.beforeTest(NewTest.java:23)
</failure>
    <system-out>Configuring TestNG with: org.apache.maven.surefire.testng.conf.TestNG652Configurator@e2d56bf
</system-out>
    <system-err>Started InternetExplorerDriver server (32-bit)
2.47.0.0
Listening on port 48667
</system-err>
  </testcase>
  <testcase classname="example.NewTest" name="testEasy" time="0">
    <skipped/>
  </testcase>
  <testcase classname="example.NewTest" name="afterTest" time="0.001">
    <skipped/>
  </testcase>
</testsuite>